<?xml version="1.0" encoding="UTF-8"?>
<!-- Generated by org.testng.reporters.JUnitReportReporter -->
<testsuite skipped="0" hostname="Dell" name="com.demo.tests.DemoTest" tests="1" failures="0" timestamp="06 May 2018 13:24:54 GMT" time="24.588" errors="0">
  <testcase name="test" time="24.588" classname="com.demo.tests.DemoTest"/>
</testsuite> <!-- com.demo.tests.DemoTest -->
