<?xml version="1.0" encoding="UTF-8"?>
<!-- Generated by org.testng.reporters.JUnitReportReporter -->
<testsuite skipped="0" hostname="Dell" name="com.demo.tests.FFDemoTest" tests="1" failures="0" timestamp="05 May 2018 15:31:48 GMT" time="0.027" errors="0">
  <testcase name="test" time="0.027" classname="com.demo.tests.FFDemoTest"/>
</testsuite> <!-- com.demo.tests.FFDemoTest -->
